<?xml version="1.0" encoding="UTF-8"?>
<robot generator="Robot 3.2.1 (Python 3.8.5 on win32)" generated="20200905 23:46:11.902" rpa="false">
<suite id="s1" name="RobotProject1" source="C:\Users\Asus\MavenProjects\RobotProject1">
<suite id="s1-s1" name="Testsuite1" source="C:\Users\Asus\MavenProjects\RobotProject1\Testsuite1.robot">
<kw name="Log" library="BuiltIn" type="setup">
<doc>Logs the given message with the given level.</doc>
<arguments>
<arg>I am inside test suite setup</arg>
</arguments>
<msg timestamp="20200905 23:46:12.395" level="INFO">I am inside test suite setup</msg>
<status status="PASS" starttime="20200905 23:46:12.394" endtime="20200905 23:46:12.395"></status>
</kw>
<test id="s1-s1-t1" name="My First Test">
<kw name="Log" library="BuiltIn" type="setup">
<doc>Logs the given message with the given level.</doc>
<arguments>
<arg>I am inside test setup</arg>
</arguments>
<msg timestamp="20200905 23:46:12.397" level="INFO">I am inside test setup</msg>
<status status="PASS" starttime="20200905 23:46:12.397" endtime="20200905 23:46:12.398"></status>
</kw>
<kw name="Log" library="BuiltIn">
<doc>Logs the given message with the given level.</doc>
<arguments>
<arg>Hello World</arg>
</arguments>
<msg timestamp="20200905 23:46:12.399" level="INFO">Hello World</msg>
<status status="PASS" starttime="20200905 23:46:12.398" endtime="20200905 23:46:12.399"></status>
</kw>
<kw name="Log" library="BuiltIn" type="teardown">
<doc>Logs the given message with the given level.</doc>
<arguments>
<arg>I am inside test teardown</arg>
</arguments>
<msg timestamp="20200905 23:46:12.400" level="INFO">I am inside test teardown</msg>
<status status="PASS" starttime="20200905 23:46:12.400" endtime="20200905 23:46:12.400"></status>
</kw>
<tags>
<tag>Smoke</tag>
</tags>
<status status="PASS" starttime="20200905 23:46:12.396" endtime="20200905 23:46:12.400" critical="yes"></status>
</test>
<kw name="Log" library="BuiltIn" type="teardown">
<doc>Logs the given message with the given level.</doc>
<arguments>
<arg>I am inside suite teardown</arg>
</arguments>
<msg timestamp="20200905 23:46:12.402" level="INFO">I am inside suite teardown</msg>
<status status="PASS" starttime="20200905 23:46:12.401" endtime="20200905 23:46:12.402"></status>
</kw>
<status status="PASS" starttime="20200905 23:46:12.019" endtime="20200905 23:46:12.402"></status>
</suite>
<status status="PASS" starttime="20200905 23:46:11.968" endtime="20200905 23:46:12.408"></status>
</suite>
<statistics>
<total>
<stat pass="1" fail="0">Critical Tests</stat>
<stat pass="1" fail="0">All Tests</stat>
</total>
<tag>
<stat pass="1" fail="0">Smoke</stat>
</tag>
<suite>
<stat pass="1" fail="0" id="s1" name="RobotProject1">RobotProject1</stat>
<stat pass="1" fail="0" id="s1-s1" name="Testsuite1">RobotProject1.Testsuite1</stat>
</suite>
</statistics>
<errors>
</errors>
</robot>
